c:\users\alex9\desktop\einfuehrung\microsoft\windows\kernel\echtzeitsysteme\vs\debug\vc142.pdb
c:\users\alex9\desktop\einfuehrung\microsoft\windows\kernel\echtzeitsysteme\vs\debug\vc142.idb
c:\users\alex9\desktop\einfuehrung\microsoft\windows\kernel\echtzeitsysteme\vs\debug\bsp_cpu.obj
c:\users\alex9\desktop\einfuehrung\microsoft\windows\kernel\echtzeitsysteme\vs\debug\os_tmr.obj
c:\users\alex9\desktop\einfuehrung\microsoft\windows\kernel\echtzeitsysteme\vs\debug\os_time.obj
c:\users\alex9\desktop\einfuehrung\microsoft\windows\kernel\echtzeitsysteme\vs\debug\os_task.obj
c:\users\alex9\desktop\einfuehrung\microsoft\windows\kernel\echtzeitsysteme\vs\debug\os_sem.obj
c:\users\alex9\desktop\einfuehrung\microsoft\windows\kernel\echtzeitsysteme\vs\debug\os_q.obj
c:\users\alex9\desktop\einfuehrung\microsoft\windows\kernel\echtzeitsysteme\vs\debug\os_mutex.obj
c:\users\alex9\desktop\einfuehrung\microsoft\windows\kernel\echtzeitsysteme\vs\debug\os_mem.obj
c:\users\alex9\desktop\einfuehrung\microsoft\windows\kernel\echtzeitsysteme\vs\debug\os_mbox.obj
c:\users\alex9\desktop\einfuehrung\microsoft\windows\kernel\echtzeitsysteme\vs\debug\os_flag.obj
c:\users\alex9\desktop\einfuehrung\microsoft\windows\kernel\echtzeitsysteme\vs\debug\os_dbg_r.obj
c:\users\alex9\desktop\einfuehrung\microsoft\windows\kernel\echtzeitsysteme\vs\debug\os_core.obj
c:\users\alex9\desktop\einfuehrung\microsoft\windows\kernel\echtzeitsysteme\vs\debug\os_cpu_c.obj
c:\users\alex9\desktop\einfuehrung\microsoft\windows\kernel\echtzeitsysteme\vs\debug\lib_str.obj
c:\users\alex9\desktop\einfuehrung\microsoft\windows\kernel\echtzeitsysteme\vs\debug\lib_mem.obj
c:\users\alex9\desktop\einfuehrung\microsoft\windows\kernel\echtzeitsysteme\vs\debug\lib_math.obj
c:\users\alex9\desktop\einfuehrung\microsoft\windows\kernel\echtzeitsysteme\vs\debug\lib_ascii.obj
c:\users\alex9\desktop\einfuehrung\microsoft\windows\kernel\echtzeitsysteme\vs\debug\pc.obj
c:\users\alex9\desktop\einfuehrung\microsoft\windows\kernel\echtzeitsysteme\vs\debug\cpu_c.obj
c:\users\alex9\desktop\einfuehrung\microsoft\windows\kernel\echtzeitsysteme\vs\debug\cpu_core.obj
c:\users\alex9\desktop\einfuehrung\microsoft\windows\kernel\echtzeitsysteme\vs\debug\app_hooks.obj
c:\users\alex9\desktop\einfuehrung\microsoft\windows\kernel\echtzeitsysteme\vs\debug\app.obj
c:\users\alex9\desktop\einfuehrung\microsoft\windows\kernel\echtzeitsysteme\vs\debug\echtzeitsysteme.exe
c:\users\alex9\desktop\einfuehrung\microsoft\windows\kernel\echtzeitsysteme\vs\debug\echtzeitsysteme.ilk
c:\users\alex9\desktop\einfuehrung\microsoft\windows\kernel\echtzeitsysteme\vs\debug\echtzeitsysteme.pdb
c:\users\alex9\desktop\einfuehrung\microsoft\windows\kernel\echtzeitsysteme\vs\debug\echtzeitsysteme.res
c:\users\alex9\desktop\einfuehrung\microsoft\windows\kernel\echtzeitsysteme\vs\debug\echtzeitsysteme.tlog\cl.command.1.tlog
c:\users\alex9\desktop\einfuehrung\microsoft\windows\kernel\echtzeitsysteme\vs\debug\echtzeitsysteme.tlog\cl.read.1.tlog
c:\users\alex9\desktop\einfuehrung\microsoft\windows\kernel\echtzeitsysteme\vs\debug\echtzeitsysteme.tlog\cl.write.1.tlog
c:\users\alex9\desktop\einfuehrung\microsoft\windows\kernel\echtzeitsysteme\vs\debug\echtzeitsysteme.tlog\link.command.1.tlog
c:\users\alex9\desktop\einfuehrung\microsoft\windows\kernel\echtzeitsysteme\vs\debug\echtzeitsysteme.tlog\link.read.1.tlog
c:\users\alex9\desktop\einfuehrung\microsoft\windows\kernel\echtzeitsysteme\vs\debug\echtzeitsysteme.tlog\link.write.1.tlog
c:\users\alex9\desktop\einfuehrung\microsoft\windows\kernel\echtzeitsysteme\vs\debug\echtzeitsysteme.tlog\rc.command.1.tlog
c:\users\alex9\desktop\einfuehrung\microsoft\windows\kernel\echtzeitsysteme\vs\debug\echtzeitsysteme.tlog\rc.read.1.tlog
c:\users\alex9\desktop\einfuehrung\microsoft\windows\kernel\echtzeitsysteme\vs\debug\echtzeitsysteme.tlog\rc.write.1.tlog
